<?xml version="1.0" encoding="UTF-8"?>
<!-- Generated by org.testng.reporters.JUnitReportReporter -->
<testsuite skipped="0" hostname="Mds-MacBook-Air.local" name="testDBSearch.TestSearch" tests="1" failures="0" timestamp="29 Mar 2019 04:32:21 GMT" time="43.554" errors="0">
  <testcase name="testFromDBsearch" time="43.554" classname="testDBSearch.TestSearch"/>
</testsuite> <!-- testDBSearch.TestSearch -->
