<?xml version="1.0" encoding="UTF-8"?>
<!-- Generated by org.testng.reporters.JUnitReportReporter -->
<testsuite skipped="0" hostname="Mds-MacBook-Air.local" name="testcnnhealthpage.TestCnnHealth" tests="10" failures="0" timestamp="29 Mar 2019 04:32:21 GMT" time="58.448" errors="0">
  <testcase name="testSetbottomWorldAustralia" time="2.924" classname="testcnnhealthpage.TestCnnHealth"/>
  <testcase name="testSetStorisSix" time="3.531" classname="testcnnhealthpage.TestCnnHealth"/>
  <testcase name="testSetBottomPoliticsCongress" time="15.058" classname="testcnnhealthpage.TestCnnHealth"/>
  <testcase name="testSetPaidPartnerIMG" time="4.553" classname="testcnnhealthpage.TestCnnHealth"/>
  <testcase name="testParenting" time="6.919" classname="testcnnhealthpage.TestCnnHealth"/>
  <testcase name="testSetPopulerSixthTopic" time="3.118" classname="testcnnhealthpage.TestCnnHealth"/>
  <testcase name="testSetBottomWorldAsianews" time="6.140" classname="testcnnhealthpage.TestCnnHealth"/>
  <testcase name="testSetFirstIMG" time="2.690" classname="testcnnhealthpage.TestCnnHealth"/>
  <testcase name="testSetHouseStoris" time="10.390" classname="testcnnhealthpage.TestCnnHealth"/>
  <testcase name="testSetTopStoris" time="3.125" classname="testcnnhealthpage.TestCnnHealth"/>
</testsuite> <!-- testcnnhealthpage.TestCnnHealth -->
