<?xml version="1.0" encoding="UTF-8"?>
<!-- Generated by org.testng.reporters.JUnitReportReporter -->
<testsuite skipped="0" hostname="LAPTOP-10V13S2A" name="test.TestBbcLogin" tests="1" failures="0" timestamp="24 Mar 2019 17:21:49 GMT" time="6.536" errors="0">
  <testcase name="testsearchInput" time="6.536" classname="test.TestBbcLogin"/>
</testsuite> <!-- test.TestBbcLogin -->
