<?xml version="1.0" encoding="UTF-8"?>
<!-- Generated by org.testng.reporters.JUnitReportReporter -->
<testsuite skipped="0" hostname="LAPTOP-10V13S2A" name="test.TestBbcCulture" tests="1" failures="0" timestamp="24 Mar 2019 17:21:49 GMT" time="17.614" errors="0">
  <testcase name="testsearchInput" time="17.614" classname="test.TestBbcCulture"/>
</testsuite> <!-- test.TestBbcCulture -->
