<?xml version="1.0" encoding="UTF-8"?>
<!-- Generated by org.testng.reporters.JUnitReportReporter -->
<testsuite skipped="0" hostname="Mds-MacBook-Air.local" name="TestSignInPage.TestSignInonly" tests="3" failures="0" timestamp="23 Mar 2019 20:59:48 GMT" time="7.597" errors="0">
  <testcase name="testLogInEmail" time="0.792" classname="TestSignInPage.TestSignInonly"/>
  <testcase name="testLogInTab" time="6.567" classname="TestSignInPage.TestSignInonly"/>
  <testcase name="testLogInPass" time="0.238" classname="TestSignInPage.TestSignInonly"/>
</testsuite> <!-- TestSignInPage.TestSignInonly -->
