<?xml version="1.0" encoding="UTF-8"?>
<!-- Generated by org.testng.reporters.JUnitReportReporter -->
<testsuite skipped="0" hostname="Mds-MacBook-Air.local" name="testExcleFaceBook.TestExcleExecutor" tests="1" failures="0" timestamp="23 Mar 2019 20:59:48 GMT" time="29.893" errors="0">
  <testcase name="testFBinExcle" time="29.893" classname="testExcleFaceBook.TestExcleExecutor"/>
</testsuite> <!-- testExcleFaceBook.TestExcleExecutor -->
